{"name": "test_case_03", "status": "failed", "statusDetails": {"message": "AssertionError: assert 0", "trace": "@allure.feature('test_module_01')\n    @allure.story('test_story_02')\n    @allure.severity('normal')\n    def test_case_03():\n        \"\"\"\n        用例描述：Test case 03\n        \"\"\"\n>       assert 0\nE       assert 0\n\ntest.py:32: AssertionError"}, "description": "\n    用例描述：Test case 03\n    ", "start": 1617884254243, "stop": 1617884254243, "uuid": "577f61da-899c-434b-a2ba-dae5ccc92b99", "historyId": "d8c21f855c80408e52e73a9391388d68", "testCaseId": "05892e5b6785ed2131c6f0f8cef1b5a6", "fullName": "test#test_case_03", "labels": [{"name": "story", "value": "test_story_02"}, {"name": "feature", "value": "test_module_01"}, {"name": "severity", "value": "normal"}, {"name": "suite", "value": "test"}, {"name": "host", "value": "LAPTOP-K5SBU519"}, {"name": "thread", "value": "14236-MainThread"}, {"name": "framework", "value": "pytest"}, {"name": "language", "value": "cpython3"}, {"name": "package", "value": "test"}]}